**AndroidAnnotations version**: 4.6.0
**Android compile SDK version**: 28


I recently upgraded a legacy project that uses AndroidAnnotations to AndroidX (Jetpack). Everything went well so far, but now I'm stuck facing this issue explained below:

Any `@NonConfigurationInstance` annotated object in a class causes the following build error (after AA code generation occurs):

```
error: onRetainNonConfigurationInstance() in MyActivity_ cannot override onRetainNonConfigurationInstance() in ComponentActivity
overridden method is final
```

**AndroidAnnotations version**:
4.6.0

**Android compile SDK version**:
28

Any help would be appreciated, thanks.

**AndroidAnnotations version**: 4.7.0-SNAPSHOT
**Android compile SDK version**: 29

**Stacktrace in case of AA crash**:
```
What went wrong:
Execution failed for task ':app:processDebugAnnotationsWithJavac'.
> java.lang.NoSuchMethodError: com.helger.jcodemodel.JBlock.invoke(Lcom/helger/jcodemodel/IJExpression;Ljava/lang/String;)Lcom/helger/jcodemodel/JInvocation;
```
**AndroidAnnotations version**:
4.6.0

**Android compile SDK version**:
N/A

**Executed command**:

```sh
>git checkout androidannotations-4.6.0
HEAD ist jetzt bei 12c774d2 [maven-release-plugin] prepare release androidannotations-4.6.0
>mvn install
```

**Console output**:

```
[INFO] Scanning for projects...
[INFO] ------------------------------------------------------------------------
[INFO] Reactor Build Order:
[INFO] 
[INFO] AndroidAnnotations Parent                                          [pom]
[INFO] AndroidAnnotations Core                                            [pom]
[INFO] AndroidAnnotations API                                             [jar]
[INFO] AndroidAnnotations Common Test Utilities                           [jar]
[INFO] AndroidAnnotations Annotation Processor                            [jar]
[INFO] AndroidAnnotations functional test suite                           [apk]
[INFO] OrmLite plugin parent                                              [pom]
[INFO] OrmLite plugin API                                                 [jar]
[INFO] OrmLite Annotation Processor                                       [jar]
[INFO] OrmLite plugin functional test suite                               [apk]
[INFO] Otto plugin parent                                                 [pom]
[INFO] Otto Annotation Processor                                          [jar]
[INFO] Otto plugin functional test suite                                  [apk]
[INFO] REST plugin with Spring REST template parent                       [pom]
[INFO] REST with Spring REST template plugin API                          [jar]
[INFO] REST Annotation Processor with Spring REST template                [jar]
[INFO] REST with Spring REST template plugin functional test suite        [apk]
[INFO] RoboGuice plugin parent                                            [pom]
[INFO] RoboGuice plugin API                                               [jar]
[INFO] RoboGuice Annotation Processor                                     [jar]
[INFO] RoboGuice plugin functional test suite                             [apk]
[INFO] 
[INFO] ----------< org.androidannotations:androidannotations-parent >----------
[INFO] Building AndroidAnnotations Parent 4.6.0                          [1/21]
[INFO] --------------------------------[ pom ]---------------------------------
[INFO] 
[INFO] --- maven-enforcer-plugin:1.4.1:enforce (enforce-maven) @ androidannotations-parent ---
[INFO] 
[INFO] --- maven-enforcer-plugin:1.4.1:enforce (enforce-maven-version) @ androidannotations-parent ---
[INFO] 
[INFO] --- maven-checkstyle-plugin:2.17:check (default) @ androidannotations-parent ---
[INFO] Starting audit...
Audit done.
[INFO] 
[INFO] --- maven-install-plugin:2.5.2:install (default-install) @ androidannotations-parent ---
[INFO] Installing /Volumes/Samsung/Work/Projects/Android-Annotations/AndroidAnnotations/pom.xml to /Work/Repositories/Local/org/androidannotations/androidannotations-parent/4.6.0/androidannotations-parent-4.6.0.pom
[INFO] 
[INFO] -----------< org.androidannotations:androidannotations-core >-----------
[INFO] Building AndroidAnnotations Core 4.6.0                            [2/21]
[INFO] --------------------------------[ pom ]---------------------------------
[INFO] 
[INFO] --- maven-enforcer-plugin:1.4.1:enforce (enforce-maven) @ androidannotations-core ---
[INFO] 
[INFO] --- maven-enforcer-plugin:1.4.1:enforce (enforce-maven-version) @ androidannotations-core ---
[INFO] 
[INFO] --- maven-checkstyle-plugin:2.17:check (default) @ androidannotations-core ---
[INFO] Starting audit...
Audit done.
[INFO] 
[INFO] --- maven-install-plugin:2.5.2:install (default-install) @ androidannotations-core ---
[INFO] Installing /Volumes/Samsung/Work/Projects/Android-Annotations/AndroidAnnotations/androidannotations-core/pom.xml to /Work/Repositories/Local/org/androidannotations/androidannotations-core/4.6.0/androidannotations-core-4.6.0.pom
[INFO] 
[INFO] -----------< org.androidannotations:androidannotations-api >------------
[INFO] Building AndroidAnnotations API 4.6.0                             [3/21]
[INFO] --------------------------------[ jar ]---------------------------------
[INFO] 
[INFO] --- maven-enforcer-plugin:1.4.1:enforce (enforce-maven) @ androidannotations-api ---
[INFO] 
[INFO] --- maven-enforcer-plugin:1.4.1:enforce (enforce-maven-version) @ androidannotations-api ---
[INFO] 
[INFO] --- maven-checkstyle-plugin:2.17:check (default) @ androidannotations-api ---
[INFO] Starting audit...
Audit done.
[INFO] 
[INFO] --- maven-resources-plugin:3.0.2:resources (default-resources) @ androidannotations-api ---
[INFO] Using 'UTF-8' encoding to copy filtered resources.
[INFO] Copying 1 resource
[INFO] Copying 1 resource
[INFO] 
[INFO] --- maven-compiler-plugin:3.7.0:compile (default-compile) @ androidannotations-api ---
[INFO] Nothing to compile - all classes are up to date
[INFO] 
[INFO] --- maven-resources-plugin:3.0.2:testResources (default-testResources) @ androidannotations-api ---
[INFO] Using 'UTF-8' encoding to copy filtered resources.
[INFO] skip non existing resourceDirectory /Volumes/Samsung/Work/Projects/Android-Annotations/AndroidAnnotations/androidannotations-core/androidannotations-api/src/test/resources
[INFO] 
[INFO] --- maven-compiler-plugin:3.7.0:testCompile (default-testCompile) @ androidannotations-api ---
[INFO] No sources to compile
[INFO] 
[INFO] --- maven-surefire-plugin:2.19.1:test (default-test) @ androidannotations-api ---
[INFO] No tests to run.
[INFO] 
[INFO] --- maven-jar-plugin:3.0.2:jar (default-jar) @ androidannotations-api ---
[INFO] Building jar: /Volumes/Samsung/Work/Projects/Android-Annotations/AndroidAnnotations/androidannotations-core/androidannotations-api/target/androidannotations-api-4.6.0.jar
[INFO] 
[INFO] --- maven-javadoc-plugin:2.10.4:jar (attach-javadocs) @ androidannotations-api ---
[INFO] Building jar: /Volumes/Samsung/Work/Projects/Android-Annotations/AndroidAnnotations/androidannotations-core/androidannotations-api/target/androidannotations-api-4.6.0-javadoc.jar
[INFO] 
[INFO] >>> maven-source-plugin:3.0.1:jar (attach-sources) > generate-sources @ androidannotations-api >>>
[INFO] 
[INFO] --- maven-enforcer-plugin:1.4.1:enforce (enforce-maven) @ androidannotations-api ---
[INFO] 
[INFO] --- maven-enforcer-plugin:1.4.1:enforce (enforce-maven-version) @ androidannotations-api ---
[INFO] 
[INFO] <<< maven-source-plugin:3.0.1:jar (attach-sources) < generate-sources @ androidannotations-api <<<
[INFO] 
[INFO] 
[INFO] --- maven-source-plugin:3.0.1:jar (attach-sources) @ androidannotations-api ---
[INFO] Building jar: /Volumes/Samsung/Work/Projects/Android-Annotations/AndroidAnnotations/androidannotations-core/androidannotations-api/target/androidannotations-api-4.6.0-sources.jar
[INFO] 
[INFO] --- maven-install-plugin:2.5.2:install (default-install) @ androidannotations-api ---
[INFO] Installing /Volumes/Samsung/Work/Projects/Android-Annotations/AndroidAnnotations/androidannotations-core/androidannotations-api/target/androidannotations-api-4.6.0.jar to /Work/Repositories/Local/org/androidannotations/androidannotations-api/4.6.0/androidannotations-api-4.6.0.jar
[INFO] Installing /Volumes/Samsung/Work/Projects/Android-Annotations/AndroidAnnotations/androidannotations-core/androidannotations-api/pom.xml to /Work/Repositories/Local/org/androidannotations/androidannotations-api/4.6.0/androidannotations-api-4.6.0.pom
[INFO] Installing /Volumes/Samsung/Work/Projects/Android-Annotations/AndroidAnnotations/androidannotations-core/androidannotations-api/target/androidannotations-api-4.6.0-javadoc.jar to /Work/Repositories/Local/org/androidannotations/androidannotations-api/4.6.0/androidannotations-api-4.6.0-javadoc.jar
[INFO] Installing /Volumes/Samsung/Work/Projects/Android-Annotations/AndroidAnnotations/androidannotations-core/androidannotations-api/target/androidannotations-api-4.6.0-sources.jar to /Work/Repositories/Local/org/androidannotations/androidannotations-api/4.6.0/androidannotations-api-4.6.0-sources.jar
[INFO] 
[INFO] --------< org.androidannotations:androidannotations-testutils >---------
[INFO] Building AndroidAnnotations Common Test Utilities 4.6.0           [4/21]
[INFO] --------------------------------[ jar ]---------------------------------
[INFO] 
[INFO] --- maven-enforcer-plugin:1.4.1:enforce (enforce-maven) @ androidannotations-testutils ---
[INFO] 
[INFO] --- maven-enforcer-plugin:1.4.1:enforce (enforce-maven-version) @ androidannotations-testutils ---
[INFO] 
[INFO] --- maven-checkstyle-plugin:2.17:check (default) @ androidannotations-testutils ---
[INFO] Starting audit...
Audit done.
[INFO] 
[INFO] --- maven-resources-plugin:3.0.2:resources (default-resources) @ androidannotations-testutils ---
[INFO] Using 'UTF-8' encoding to copy filtered resources.
[INFO] skip non existing resourceDirectory /Volumes/Samsung/Work/Projects/Android-Annotations/AndroidAnnotations/androidannotations-core/androidannotations-testutils/src/main/resources
[INFO] skip non existing resourceDirectory /Volumes/Samsung/Work/Projects/Android-Annotations/AndroidAnnotations/androidannotations-core/androidannotations-testutils/src/main/resources
[INFO] 
[INFO] --- maven-compiler-plugin:3.7.0:compile (default-compile) @ androidannotations-testutils ---
[INFO] Nothing to compile - all classes are up to date
[INFO] 
[INFO] --- maven-resources-plugin:3.0.2:testResources (default-testResources) @ androidannotations-testutils ---
[INFO] Using 'UTF-8' encoding to copy filtered resources.
[INFO] skip non existing resourceDirectory /Volumes/Samsung/Work/Projects/Android-Annotations/AndroidAnnotations/androidannotations-core/androidannotations-testutils/src/test/resources
[INFO] 
[INFO] --- maven-compiler-plugin:3.7.0:testCompile (default-testCompile) @ androidannotations-testutils ---
[INFO] No sources to compile
[INFO] 
[INFO] --- maven-surefire-plugin:2.19.1:test (default-test) @ androidannotations-testutils ---
[INFO] No tests to run.
[INFO] 
[INFO] --- maven-jar-plugin:3.0.2:jar (default-jar) @ androidannotations-testutils ---
[INFO] 
[INFO] --- maven-javadoc-plugin:2.10.4:jar (attach-javadocs) @ androidannotations-testutils ---
[INFO] Building jar: /Volumes/Samsung/Work/Projects/Android-Annotations/AndroidAnnotations/androidannotations-core/androidannotations-testutils/target/androidannotations-testutils-4.6.0-javadoc.jar
[INFO] 
[INFO] >>> maven-source-plugin:3.0.1:jar (attach-sources) > generate-sources @ androidannotations-testutils >>>
[INFO] 
[INFO] --- maven-enforcer-plugin:1.4.1:enforce (enforce-maven) @ androidannotations-testutils ---
[INFO] 
[INFO] --- maven-enforcer-plugin:1.4.1:enforce (enforce-maven-version) @ androidannotations-testutils ---
[INFO] 
[INFO] <<< maven-source-plugin:3.0.1:jar (attach-sources) < generate-sources @ androidannotations-testutils <<<
[INFO] 
[INFO] 
[INFO] --- maven-source-plugin:3.0.1:jar (attach-sources) @ androidannotations-testutils ---
[INFO] Building jar: /Volumes/Samsung/Work/Projects/Android-Annotations/AndroidAnnotations/androidannotations-core/androidannotations-testutils/target/androidannotations-testutils-4.6.0-sources.jar
[INFO] 
[INFO] --- maven-install-plugin:2.5.2:install (default-install) @ androidannotations-testutils ---
[INFO] Installing /Volumes/Samsung/Work/Projects/Android-Annotations/AndroidAnnotations/androidannotations-core/androidannotations-testutils/target/androidannotations-testutils-4.6.0.jar to /Work/Repositories/Local/org/androidannotations/androidannotations-testutils/4.6.0/androidannotations-testutils-4.6.0.jar
[INFO] Installing /Volumes/Samsung/Work/Projects/Android-Annotations/AndroidAnnotations/androidannotations-core/androidannotations-testutils/pom.xml to /Work/Repositories/Local/org/androidannotations/androidannotations-testutils/4.6.0/androidannotations-testutils-4.6.0.pom
[INFO] Installing /Volumes/Samsung/Work/Projects/Android-Annotations/AndroidAnnotations/androidannotations-core/androidannotations-testutils/target/androidannotations-testutils-4.6.0-javadoc.jar to /Work/Repositories/Local/org/androidannotations/androidannotations-testutils/4.6.0/androidannotations-testutils-4.6.0-javadoc.jar
[INFO] Installing /Volumes/Samsung/Work/Projects/Android-Annotations/AndroidAnnotations/androidannotations-core/androidannotations-testutils/target/androidannotations-testutils-4.6.0-sources.jar to /Work/Repositories/Local/org/androidannotations/androidannotations-testutils/4.6.0/androidannotations-testutils-4.6.0-sources.jar
[INFO] 
[INFO] -------------< org.androidannotations:androidannotations >--------------
[INFO] Building AndroidAnnotations Annotation Processor 4.6.0            [5/21]
[INFO] --------------------------------[ jar ]---------------------------------
[INFO] 
[INFO] --- maven-enforcer-plugin:1.4.1:enforce (enforce-maven) @ androidannotations ---
[INFO] 
[INFO] --- maven-enforcer-plugin:1.4.1:enforce (enforce-maven-version) @ androidannotations ---
[INFO] 
[INFO] --- maven-checkstyle-plugin:2.17:check (default) @ androidannotations ---
[INFO] Starting audit...
Audit done.
[INFO] 
[INFO] --- maven-resources-plugin:3.0.2:resources (default-resources) @ androidannotations ---
[INFO] Using 'UTF-8' encoding to copy filtered resources.
[INFO] Copying 2 resources
[INFO] Copying 1 resource
[INFO] 
[INFO] --- maven-compiler-plugin:3.7.0:compile (default-compile) @ androidannotations ---
[INFO] Nothing to compile - all classes are up to date
[INFO] 
[INFO] --- maven-resources-plugin:3.0.2:testResources (default-testResources) @ androidannotations ---
[INFO] Using 'UTF-8' encoding to copy filtered resources.
[INFO] Copying 45 resources
[INFO] 
[INFO] --- maven-compiler-plugin:3.7.0:testCompile (default-testCompile) @ androidannotations ---
[INFO] Nothing to compile - all classes are up to date
[INFO] 
[INFO] --- maven-surefire-plugin:2.19.1:test (default-test) @ androidannotations ---

-------------------------------------------------------
 T E S T S
-------------------------------------------------------
Running org.androidannotations.copyannotations.CopyOtherAnnotationsTest
Tests run: 5, Failures: 0, Errors: 0, Skipped: 0, Time elapsed: 0.879 sec - in org.androidannotations.copyannotations.CopyOtherAnnotationsTest
Running org.androidannotations.databinding.DataBindingTest
Tests run: 7, Failures: 0, Errors: 0, Skipped: 0, Time elapsed: 0.487 sec - in org.androidannotations.databinding.DataBindingTest
Running org.androidannotations.ebean.EBeanTest
Tests run: 2, Failures: 0, Errors: 0, Skipped: 0, Time elapsed: 0.199 sec - in org.androidannotations.ebean.EBeanTest
Running org.androidannotations.eviewgroup.EViewGroupTest
Tests run: 1, Failures: 0, Errors: 0, Skipped: 0, Time elapsed: 0.093 sec - in org.androidannotations.eviewgroup.EViewGroupTest
Running org.androidannotations.generation.ActivityIntentFragmentTest
Tests run: 6, Failures: 0, Errors: 0, Skipped: 0, Time elapsed: 0.514 sec - in org.androidannotations.generation.ActivityIntentFragmentTest
Running org.androidannotations.generation.ChangedGenerationSuffixTest
Tests run: 2, Failures: 0, Errors: 0, Skipped: 0, Time elapsed: 0.159 sec - in org.androidannotations.generation.ChangedGenerationSuffixTest
Running org.androidannotations.generation.ContextCompatColorStateListTest
Tests run: 4, Failures: 0, Errors: 0, Skipped: 0, Time elapsed: 0.325 sec - in org.androidannotations.generation.ContextCompatColorStateListTest
Running org.androidannotations.generation.ContextCompatColorTest
Tests run: 5, Failures: 0, Errors: 0, Skipped: 0, Time elapsed: 0.295 sec - in org.androidannotations.generation.ContextCompatColorTest
Running org.androidannotations.generation.ContextCompatDrawableTest
Tests run: 4, Failures: 0, Errors: 0, Skipped: 0, Time elapsed: 0.218 sec - in org.androidannotations.generation.ContextCompatDrawableTest
Running org.androidannotations.generation.FragmentByChildFragmentManagerTest
Tests run: 5, Failures: 0, Errors: 0, Skipped: 0, Time elapsed: 0.216 sec - in org.androidannotations.generation.FragmentByChildFragmentManagerTest
Running org.androidannotations.generation.GenerateFinalClassesFlagTest
Tests run: 2, Failures: 0, Errors: 0, Skipped: 0, Time elapsed: 0.125 sec - in org.androidannotations.generation.GenerateFinalClassesFlagTest
Running org.androidannotations.generation.GenerateJavaDocTest
Tests run: 6, Failures: 0, Errors: 0, Skipped: 0, Time elapsed: 0.267 sec - in org.androidannotations.generation.GenerateJavaDocTest
Running org.androidannotations.generation.MethodInjectionTest
Tests run: 2, Failures: 0, Errors: 0, Skipped: 0, Time elapsed: 0.096 sec - in org.androidannotations.generation.MethodInjectionTest
Running org.androidannotations.generation.NestedEnhancedClassGenerationTest
Tests run: 1, Failures: 0, Errors: 0, Skipped: 0, Time elapsed: 0.022 sec - in org.androidannotations.generation.NestedEnhancedClassGenerationTest
Running org.androidannotations.generation.SystemServiceHandlerContextTest
Tests run: 2, Failures: 0, Errors: 0, Skipped: 0, Time elapsed: 0.088 sec - in org.androidannotations.generation.SystemServiceHandlerContextTest
Running org.androidannotations.generation.ViewPagerTest
Tests run: 5, Failures: 0, Errors: 0, Skipped: 0, Time elapsed: 0.233 sec - in org.androidannotations.generation.ViewPagerTest
Running org.androidannotations.generation.WindowFeatureAppCompatActivityTest
Tests run: 1, Failures: 0, Errors: 0, Skipped: 0, Time elapsed: 0.051 sec - in org.androidannotations.generation.WindowFeatureAppCompatActivityTest
Running org.androidannotations.helper.BundleSparseArrayActivityTest
Tests run: 3, Failures: 0, Errors: 0, Skipped: 0, Time elapsed: 0.137 sec - in org.androidannotations.helper.BundleSparseArrayActivityTest
Running org.androidannotations.helper.CaseHelperTest
Tests run: 2, Failures: 0, Errors: 0, Skipped: 0, Time elapsed: 0 sec - in org.androidannotations.helper.CaseHelperTest
Running org.androidannotations.helper.ValidatorParameterHelperTest
Tests run: 15, Failures: 0, Errors: 0, Skipped: 0, Time elapsed: 0.521 sec - in org.androidannotations.helper.ValidatorParameterHelperTest
Running org.androidannotations.hierarchyviewer.HierarchyViewerActivityTest
Tests run: 3, Failures: 0, Errors: 0, Skipped: 0, Time elapsed: 0.122 sec - in org.androidannotations.hierarchyviewer.HierarchyViewerActivityTest
Running org.androidannotations.innerclasses.InnerClassTest
Tests run: 2, Failures: 0, Errors: 0, Skipped: 0, Time elapsed: 0.043 sec - in org.androidannotations.innerclasses.InnerClassTest
Running org.androidannotations.internal.helper.AndroidManifestFinderTest
Tests run: 61, Failures: 0, Errors: 0, Skipped: 0, Time elapsed: 0.181 sec - in org.androidannotations.internal.helper.AndroidManifestFinderTest
Running org.androidannotations.keyevents.KeyEventTest
Tests run: 4, Failures: 0, Errors: 0, Skipped: 0, Time elapsed: 0.165 sec - in org.androidannotations.keyevents.KeyEventTest
Running org.androidannotations.logger.LoggerTest
Tests run: 1, Failures: 0, Errors: 0, Skipped: 0, Time elapsed: 0 sec - in org.androidannotations.logger.LoggerTest
Running org.androidannotations.logger.formatter.FormatterTest
Tests run: 4, Failures: 0, Errors: 0, Skipped: 0, Time elapsed: 0 sec - in org.androidannotations.logger.formatter.FormatterTest
Running org.androidannotations.manifest.AndroidManifestErrorsTest
Tests run: 3, Failures: 0, Errors: 0, Skipped: 0, Time elapsed: 0.102 sec - in org.androidannotations.manifest.AndroidManifestErrorsTest
Running org.androidannotations.manifest.AndroidManifestFinderTest
Tests run: 4, Failures: 0, Errors: 0, Skipped: 0, Time elapsed: 0.053 sec - in org.androidannotations.manifest.AndroidManifestFinderTest
Running org.androidannotations.menu.InjectMenuTest
Tests run: 1, Failures: 0, Errors: 0, Skipped: 0, Time elapsed: 0.042 sec - in org.androidannotations.menu.InjectMenuTest
Running org.androidannotations.menu.OptionsMenuItemTest
Tests run: 2, Failures: 0, Errors: 0, Skipped: 0, Time elapsed: 0.087 sec - in org.androidannotations.menu.OptionsMenuItemTest
Running org.androidannotations.preference.PreferenceFragmentTest
Tests run: 4, Failures: 0, Errors: 0, Skipped: 0, Time elapsed: 0.151 sec - in org.androidannotations.preference.PreferenceFragmentTest
Running org.androidannotations.rclass.RClassFinderTest
Tests run: 1, Failures: 0, Errors: 0, Skipped: 0, Time elapsed: 0.009 sec - in org.androidannotations.rclass.RClassFinderTest
Running org.androidannotations.receiver.ReceiverRegistrationTest
Tests run: 8, Failures: 0, Errors: 0, Skipped: 0, Time elapsed: 0.322 sec - in org.androidannotations.receiver.ReceiverRegistrationTest
Running org.androidannotations.sharedprefs.SharedPrefNamingTest
Tests run: 2, Failures: 0, Errors: 0, Skipped: 0, Time elapsed: 0.1 sec - in org.androidannotations.sharedprefs.SharedPrefNamingTest
Running org.androidannotations.viewbyid.ViewByIdTest
Tests run: 1, Failures: 0, Errors: 0, Skipped: 0, Time elapsed: 0.061 sec - in org.androidannotations.viewbyid.ViewByIdTest
Running org.androidannotations.viewlistener.ViewListenerCompilationTest
Tests run: 4, Failures: 0, Errors: 0, Skipped: 0, Time elapsed: 0.226 sec - in org.androidannotations.viewlistener.ViewListenerCompilationTest

Results :

Tests run: 185, Failures: 0, Errors: 0, Skipped: 0

[INFO] 
[INFO] --- maven-jar-plugin:3.0.2:jar (default-jar) @ androidannotations ---
[INFO] Building jar: /Volumes/Samsung/Work/Projects/Android-Annotations/AndroidAnnotations/androidannotations-core/androidannotations/target/androidannotations-4.6.0.jar
[INFO] 
[INFO] --- maven-javadoc-plugin:2.10.4:jar (attach-javadocs) @ androidannotations ---
[INFO] 
22 warnings
[WARNING] Javadoc Warnings
[WARNING] /Volumes/Samsung/Work/Projects/Android-Annotations/AndroidAnnotations/androidannotations-core/androidannotations/src/main/java/org/androidannotations/helper/AnnotationHelper.java:80: warning: no @param for potentialSubtype
[WARNING] public boolean isSubtype(TypeMirror potentialSubtype, TypeMirror potentialSupertype) {
[WARNING] ^
[WARNING] /Volumes/Samsung/Work/Projects/Android-Annotations/AndroidAnnotations/androidannotations-core/androidannotations/src/main/java/org/androidannotations/helper/AnnotationHelper.java:80: warning: no @param for potentialSupertype
[WARNING] public boolean isSubtype(TypeMirror potentialSubtype, TypeMirror potentialSupertype) {
[WARNING] ^
[WARNING] /Volumes/Samsung/Work/Projects/Android-Annotations/AndroidAnnotations/androidannotations-core/androidannotations/src/main/java/org/androidannotations/helper/AnnotationHelper.java:80: warning: no @return
[WARNING] public boolean isSubtype(TypeMirror potentialSubtype, TypeMirror potentialSupertype) {
[WARNING] ^
[WARNING] /Volumes/Samsung/Work/Projects/Android-Annotations/AndroidAnnotations/androidannotations-core/androidannotations/src/main/java/org/androidannotations/helper/AnnotationHelper.java:96: warning: no @param for qualifiedName
[WARNING] public TypeElement typeElementFromQualifiedName(String qualifiedName) {
[WARNING] ^
[WARNING] /Volumes/Samsung/Work/Projects/Android-Annotations/AndroidAnnotations/androidannotations-core/androidannotations/src/main/java/org/androidannotations/helper/AnnotationHelper.java:96: warning: no @return
[WARNING] public TypeElement typeElementFromQualifiedName(String qualifiedName) {
[WARNING] ^
[WARNING] /Volumes/Samsung/Work/Projects/Android-Annotations/AndroidAnnotations/androidannotations-core/androidannotations/src/main/java/org/androidannotations/helper/AnnotationHelper.java:181: warning: no @param for element
[WARNING] public List<JFieldRef> extractAnnotationFieldRefs(Element element, String annotationName, IRInnerClass rInnerClass, boolean useElementName) {
[WARNING] ^
[WARNING] /Volumes/Samsung/Work/Projects/Android-Annotations/AndroidAnnotations/androidannotations-core/androidannotations/src/main/java/org/androidannotations/helper/AnnotationHelper.java:181: warning: no @param for annotationName
[WARNING] public List<JFieldRef> extractAnnotationFieldRefs(Element element, String annotationName, IRInnerClass rInnerClass, boolean useElementName) {
[WARNING] ^
[WARNING] /Volumes/Samsung/Work/Projects/Android-Annotations/AndroidAnnotations/androidannotations-core/androidannotations/src/main/java/org/androidannotations/helper/AnnotationHelper.java:181: warning: no @param for rInnerClass
[WARNING] public List<JFieldRef> extractAnnotationFieldRefs(Element element, String annotationName, IRInnerClass rInnerClass, boolean useElementName) {
[WARNING] ^
[WARNING] /Volumes/Samsung/Work/Projects/Android-Annotations/AndroidAnnotations/androidannotations-core/androidannotations/src/main/java/org/androidannotations/helper/AnnotationHelper.java:181: warning: no @param for useElementName
[WARNING] public List<JFieldRef> extractAnnotationFieldRefs(Element element, String annotationName, IRInnerClass rInnerClass, boolean useElementName) {
[WARNING] ^
[WARNING] /Volumes/Samsung/Work/Projects/Android-Annotations/AndroidAnnotations/androidannotations-core/androidannotations/src/main/java/org/androidannotations/helper/AnnotationHelper.java:181: warning: no @return
[WARNING] public List<JFieldRef> extractAnnotationFieldRefs(Element element, String annotationName, IRInnerClass rInnerClass, boolean useElementName) {
[WARNING] ^
[WARNING] /Volumes/Samsung/Work/Projects/Android-Annotations/AndroidAnnotations/androidannotations-core/androidannotations/src/main/java/org/androidannotations/helper/APTCodeModelHelper.java:456: warning: no description for @param
[WARNING] * @param typeElement
[WARNING] ^
[WARNING] /Volumes/Samsung/Work/Projects/Android-Annotations/AndroidAnnotations/androidannotations-core/androidannotations/src/main/java/org/androidannotations/helper/LogHelper.java:34: warning: no @param for tag
[WARNING] public static String trimLogTag(String tag) {
[WARNING] ^
[WARNING] /Volumes/Samsung/Work/Projects/Android-Annotations/AndroidAnnotations/androidannotations-core/androidannotations/src/main/java/org/androidannotations/helper/LogHelper.java:34: warning: no @return
[WARNING] public static String trimLogTag(String tag) {
[WARNING] ^
[WARNING] /Volumes/Samsung/Work/Projects/Android-Annotations/AndroidAnnotations/androidannotations-core/androidannotations/src/main/java/org/androidannotations/helper/LogHelper.java:51: warning: no @param for holder
[WARNING] public static String logTagForClassHolder(GeneratedClassHolder holder) {
[WARNING] ^
[WARNING] /Volumes/Samsung/Work/Projects/Android-Annotations/AndroidAnnotations/androidannotations-core/androidannotations/src/main/java/org/androidannotations/helper/LogHelper.java:51: warning: no @return
[WARNING] public static String logTagForClassHolder(GeneratedClassHolder holder) {
[WARNING] ^
[WARNING] /Volumes/Samsung/Work/Projects/Android-Annotations/AndroidAnnotations/androidannotations-core/androidannotations/src/main/java/org/androidannotations/internal/helper/FileHelper.java:45: warning: no @param for processingEnv
[WARNING] public static FileHolder findRootProjectHolder(ProcessingEnvironment processingEnv) throws FileNotFoundException {
[WARNING] ^
[WARNING] /Volumes/Samsung/Work/Projects/Android-Annotations/AndroidAnnotations/androidannotations-core/androidannotations/src/main/java/org/androidannotations/internal/helper/FileHelper.java:45: warning: no @return
[WARNING] public static FileHolder findRootProjectHolder(ProcessingEnvironment processingEnv) throws FileNotFoundException {
[WARNING] ^
[WARNING] /Volumes/Samsung/Work/Projects/Android-Annotations/AndroidAnnotations/androidannotations-core/androidannotations/src/main/java/org/androidannotations/internal/helper/FileHelper.java:45: warning: no @throws for java.io.FileNotFoundException
[WARNING] public static FileHolder findRootProjectHolder(ProcessingEnvironment processingEnv) throws FileNotFoundException {
[WARNING] ^
[WARNING] /Volumes/Samsung/Work/Projects/Android-Annotations/AndroidAnnotations/androidannotations-core/androidannotations/src/main/java/org/androidannotations/internal/model/ModelExtractor.java:38: warning: no @param for annotations
[WARNING] public AnnotationElementsHolder extract(Set<? extends TypeElement> annotations, Set<String> annotationTypesToCheck, RoundEnvironment roundEnv) {
[WARNING] ^
[WARNING] /Volumes/Samsung/Work/Projects/Android-Annotations/AndroidAnnotations/androidannotations-core/androidannotations/src/main/java/org/androidannotations/internal/model/ModelExtractor.java:38: warning: no @param for annotationTypesToCheck
[WARNING] public AnnotationElementsHolder extract(Set<? extends TypeElement> annotations, Set<String> annotationTypesToCheck, RoundEnvironment roundEnv) {
[WARNING] ^
[WARNING] /Volumes/Samsung/Work/Projects/Android-Annotations/AndroidAnnotations/androidannotations-core/androidannotations/src/main/java/org/androidannotations/internal/model/ModelExtractor.java:38: warning: no @param for roundEnv
[WARNING] public AnnotationElementsHolder extract(Set<? extends TypeElement> annotations, Set<String> annotationTypesToCheck, RoundEnvironment roundEnv) {
[WARNING] ^
[WARNING] /Volumes/Samsung/Work/Projects/Android-Annotations/AndroidAnnotations/androidannotations-core/androidannotations/src/main/java/org/androidannotations/internal/model/ModelExtractor.java:38: warning: no @return
[WARNING] public AnnotationElementsHolder extract(Set<? extends TypeElement> annotations, Set<String> annotationTypesToCheck, RoundEnvironment roundEnv) {
[WARNING] ^
[INFO] Building jar: /Volumes/Samsung/Work/Projects/Android-Annotations/AndroidAnnotations/androidannotations-core/androidannotations/target/androidannotations-4.6.0-javadoc.jar
[INFO] 
[INFO] >>> maven-source-plugin:3.0.1:jar (attach-sources) > generate-sources @ androidannotations >>>
[INFO] 
[INFO] --- maven-enforcer-plugin:1.4.1:enforce (enforce-maven) @ androidannotations ---
[INFO] 
[INFO] --- maven-enforcer-plugin:1.4.1:enforce (enforce-maven-version) @ androidannotations ---
[INFO] 
[INFO] <<< maven-source-plugin:3.0.1:jar (attach-sources) < generate-sources @ androidannotations <<<
[INFO] 
[INFO] 
[INFO] --- maven-source-plugin:3.0.1:jar (attach-sources) @ androidannotations ---
[INFO] Building jar: /Volumes/Samsung/Work/Projects/Android-Annotations/AndroidAnnotations/androidannotations-core/androidannotations/target/androidannotations-4.6.0-sources.jar
[INFO] 
[INFO] --- maven-install-plugin:2.5.2:install (default-install) @ androidannotations ---
[INFO] Installing /Volumes/Samsung/Work/Projects/Android-Annotations/AndroidAnnotations/androidannotations-core/androidannotations/target/androidannotations-4.6.0.jar to /Work/Repositories/Local/org/androidannotations/androidannotations/4.6.0/androidannotations-4.6.0.jar
[INFO] Installing /Volumes/Samsung/Work/Projects/Android-Annotations/AndroidAnnotations/androidannotations-core/androidannotations/pom.xml to /Work/Repositories/Local/org/androidannotations/androidannotations/4.6.0/androidannotations-4.6.0.pom
[INFO] Installing /Volumes/Samsung/Work/Projects/Android-Annotations/AndroidAnnotations/androidannotations-core/androidannotations/target/androidannotations-4.6.0-javadoc.jar to /Work/Repositories/Local/org/androidannotations/androidannotations/4.6.0/androidannotations-4.6.0-javadoc.jar
[INFO] Installing /Volumes/Samsung/Work/Projects/Android-Annotations/AndroidAnnotations/androidannotations-core/androidannotations/target/androidannotations-4.6.0-sources.jar to /Work/Repositories/Local/org/androidannotations/androidannotations/4.6.0/androidannotations-4.6.0-sources.jar
[INFO] 
[INFO] -----------< org.androidannotations:androidannotations-test >-----------
[INFO] Building AndroidAnnotations functional test suite 4.6.0           [6/21]
[INFO] --------------------------------[ apk ]---------------------------------
[INFO] 
[INFO] --- maven-enforcer-plugin:1.4.1:enforce (enforce-maven) @ androidannotations-test ---
[INFO] 
[INFO] --- maven-enforcer-plugin:1.4.1:enforce (enforce-maven-version) @ androidannotations-test ---
[INFO] 
[INFO] --- android-maven-plugin:4.5.0:generate-sources (default-generate-sources) @ androidannotations-test ---
[INFO] Manifest copied from /Volumes/Samsung/Work/Projects/Android-Annotations/AndroidAnnotations/androidannotations-core/androidannotations-test/src/main/AndroidManifest.xml to /Volumes/Samsung/Work/Projects/Android-Annotations/AndroidAnnotations/androidannotations-core/androidannotations-test/target/AndroidManifest.xml
[INFO] Extracting libs
[INFO] Generating R file for org.androidannotations:androidannotations-test:apk:4.6.0
[INFO] ------------------------------------------------------------------------
[INFO] Reactor Summary for AndroidAnnotations Parent 4.6.0:
[INFO] 
[INFO] AndroidAnnotations Parent .......................... SUCCESS [  1.037 s]
[INFO] AndroidAnnotations Core ............................ SUCCESS [  0.306 s]
[INFO] AndroidAnnotations API ............................. SUCCESS [  3.773 s]
[INFO] AndroidAnnotations Common Test Utilities ........... SUCCESS [  1.129 s]
[INFO] AndroidAnnotations Annotation Processor ............ SUCCESS [ 12.103 s]
[INFO] AndroidAnnotations functional test suite ........... FAILURE [  0.684 s]
[INFO] OrmLite plugin parent .............................. SKIPPED
[INFO] OrmLite plugin API ................................. SKIPPED
[INFO] OrmLite Annotation Processor ....................... SKIPPED
[INFO] OrmLite plugin functional test suite ............... SKIPPED
[INFO] Otto plugin parent ................................. SKIPPED
[INFO] Otto Annotation Processor .......................... SKIPPED
[INFO] Otto plugin functional test suite .................. SKIPPED
[INFO] REST plugin with Spring REST template parent ....... SKIPPED
[INFO] REST with Spring REST template plugin API .......... SKIPPED
[INFO] REST Annotation Processor with Spring REST template  SKIPPED
[INFO] REST with Spring REST template plugin functional test suite SKIPPED
[INFO] RoboGuice plugin parent ............................ SKIPPED
[INFO] RoboGuice plugin API ............................... SKIPPED
[INFO] RoboGuice Annotation Processor ..................... SKIPPED
[INFO] RoboGuice plugin functional test suite ............. SKIPPED
[INFO] ------------------------------------------------------------------------
[INFO] BUILD FAILURE
[INFO] ------------------------------------------------------------------------
[INFO] Total time:  20.459 s
[INFO] Finished at: 2019-10-01T17:13:30+02:00
[INFO] ------------------------------------------------------------------------
[ERROR] Failed to execute goal com.simpligility.maven.plugins:android-maven-plugin:4.5.0:generate-sources (default-generate-sources) on project androidannotations-test: Execution default-generate-sources of goal com.simpligility.maven.plugins:android-maven-plugin:4.5.0:generate-sources failed.: NullPointerException -> [Help 1]
[ERROR] 
[ERROR] To see the full stack trace of the errors, re-run Maven with the -e switch.
[ERROR] Re-run Maven using the -X switch to enable full debug logging.
[ERROR] 
[ERROR] For more information about the errors and possible solutions, please read the following articles:
[ERROR] [Help 1] http://cwiki.apache.org/confluence/display/MAVEN/PluginExecutionException
[ERROR] 
[ERROR] After correcting the problems, you can resume the build with the command
[ERROR]   mvn <args> -rf :androidannotations-test
```

The **4.5.0** inside the console output of a build for tag **androidannotations-4.6.0** is rather suspicious. ðŸ˜‰
AndroidAnnotations version:
4.6.0

Android compile SDK version:
28

Annotated code:

**Annotated code**:
```java
@android.annotation.TargetApi (android.os.Build.VERSION_CODES.ICE_CREAM_SANDWICH_MR1)
@SharedPref (SharedPref.Scope.APPLICATION_DEFAULT)
public interface Preferences
{
   /**
    * <p>
    * level of errors which should be printed as well. I default to printer until I find that
    * dam array access bug.
    * </p>
    *
    * @return error level to print
    */
   @DefaultString ("2")
   public String errorHandler ();

   /**
    * <p>
    * Vibrate an button click
    * </p>
    *
    * @return true if we should vibrate
    */
   @DefaultBoolean (false)
   public boolean feedbackVibrate ();

   /**
    * <p>
    * last version number used to detect updates
    * </p>
    *
    * @return last version number
    */
   @NotNull
   @DefaultString ("0.0(0)")
   public String versionName ();
} // Preferences
```

**Expected generated code**:
```java
@TargetApi(15)
public final class Preferences_
    extends SharedPreferencesHelper
{

    public Preferences_(Context context) {
        super(PreferenceManager.getDefaultSharedPreferences(context));
    }

    public Preferences_.PreferencesEditor_ edit() {
        return new Preferences_.PreferencesEditor_(getSharedPreferences());
    }

    /**
     * <p><b>Defaults to</b>: "2"</p>
     * <p>
     *  level of errors which should be printed as well. I default to printer until I find that
     *  dam array access bug.
     *  </p>
     * 
     *  @return error level to print
     * 
     * @return
     *     a {@link StringPrefField} instance to retrieve or write the pref value
     */
    public StringPrefField errorHandler() {
        return stringField("errorHandler", "2");
    }

    /**
     * <p><b>Defaults to</b>: false</p>
     * <p>
     *  Vibrate an button click
     *  </p>
     * 
     *  @return true if we should vibrate
     * 
     * @return
     *     a {@link BooleanPrefField} instance to retrieve or write the pref value
     */
    public BooleanPrefField feedbackVibrate() {
        return booleanField("feedbackVibrate", false);
    }

    /**
     * <p><b>Defaults to</b>: "0.0(0)"</p>
     * <p>
     *  last version number used to detect updates
     *  </p>
     * 
     *  @return last version number
     * 
     * @return
     *     a {@link StringPrefField} instance to retrieve or write the pref value
     */
    public StringPrefField versionName() {
        return stringField("versionName", "0.0(0)");
    }

    public final static class PreferencesEditor_
        extends EditorHelper<Preferences_.PreferencesEditor_>
    {

        PreferencesEditor_(SharedPreferences sharedPreferences) {
            super(sharedPreferences);
        }

        /**
         * <p>
         *  level of errors which should be printed as well. I default to printer until I find that
         *  dam array access bug.
         *  </p>
         * 
         *  @return error level to print
         */
        public StringPrefEditorField<Preferences_.PreferencesEditor_> errorHandler() {
            return stringField("errorHandler");
        }

        /**
         * <p>
         *  Vibrate an button click
         *  </p>
         * 
         *  @return true if we should vibrate
         */
        public BooleanPrefEditorField<Preferences_.PreferencesEditor_> feedbackVibrate() {
            return booleanField("feedbackVibrate");
        }

        /**
         * <p>
         *  last version number used to detect updates
         *  </p>
         * 
         *  @return last version number
         */
        public StringPrefEditorField<Preferences_.PreferencesEditor_> versionName() {
            return stringField("versionName");
        }
    }
}
```

**Actual generated code**:
No code generated instead an error message I don't understand:

```log
Gradle may disable incremental compilation as the following annotation processors are not incremental: androidannotations-4.6.0.jar (org.androidannotations:androidannotations:4.6.0).
Consider setting the experimental feature flag android.enableSeparateAnnotationProcessing=true in the gradle.properties file to run annotation processing in a separate task and make compilation incremental.
/Volumes/Samsung/Work/Projects/UIQ3/Android/HP45/Droid/src/main/java/net/sourceforge/uiq3/hp45/Preferences.java:39: warning: Element net.sourceforge.uiq3.hp45.Preferences invalidated by SharedPrefHandler
public interface Preferences
       ^
/Volumes/Samsung/Work/Projects/UIQ3/Android/HP45/Droid/src/main/java/net/sourceforge/uiq3/hp45/MainActivity.java:436: warning: Element Preferences invalidated by PrefHandler
   protected net.sourceforge.uiq3.hp45.Preferences_ Preferences;
```

**Additional note**:
I'm in transition form maven to gradle build. The maven build still works fine. That's where I got the expected code from.

Some easier to understand error message would really be helpful.
**AndroidAnnotations version**:
4.6.0

**Android compile SDK version**:
28

**Annotated code**:
```java
   @org.jetbrains.annotations.Nullable
   @org.androidannotations.annotations.FragmentById (net.sourceforge.uiq3.hp45.R.id.MainCalculator)
   protected CalculatorFragment Calculator;
```

**Expected generated code**:
```java
import net.sourceforge.uiq3.hp45.Calculator_Fragment;
```

**Actual generated code**:
```java
import(@org.jetbrains.annotations.Nullable :: net.sourceforge.uiq3.hp45.Calculator_Fragment);
```

**Additional note**:
I'm in transition form maven to gradle build. The maven build still works fine.

Removing the `@org.jetbrains.annotations.Nullable` will lead to other problem with the annotation preferences.
Compile with R8 enabled iit crash

**AndroidAnnotations version**: 4.6.0

**Android compile SDK version**: 28

**Annotated code**:
```java
@EBean(scope = EBean.Scope.Singleton)
public class BaseHelper {

    @RootContext
    public Context context;

    private Gson gson;
```
**Expected generated code**:
```java
expected generated code
```

**Actual generated code**:
```java
actual generated code
```

**Stacktrace in case of AA crash**:
    java.lang.VerifyError: Verifier rejected class com.android.tools.r8.GeneratedOutlineSupport: com.lib.base.BaseHelper_ com.android.tools.r8.GeneratedOutlineSupport.outline6(org.androidannotations.api.view.OnViewChangedListener) failed to verify: com.lib.base.BaseHelper_ com.android.tools.r8.GeneratedOutlineSupport.outline6(org.androidannotations.api.view.OnViewChangedListener): [0x3] 'this' argument 'Reference: org.androidannotations.api.view.OnViewChangedListener' not instance of 'Reference: androidx.fragment.app.Fragment' (declaration of 'com.android.tools.r8.GeneratedOutlineSupport' appears in /data/app/com.advus.patient-1/base.apk)
        at com.android.tools.r8.GeneratedOutlineSupport.outline35(outline)
        at androidx.multidex.MultiDex.<clinit>(MultiDex.java:8)
        at androidx.multidex.MultiDex.install(MultiDex.java)
        at androidx.multidex.MultiDexApplication.attachBaseContext(MultiDexApplication.java:2)
        at android.app.Application.attach(Application.java:189)
        at android.app.Instrumentation.newApplication(Instrumentation.java:1011)
        at android.app.Instrumentation.newApplication(Instrumentation.java:995)
        at android.app.LoadedApk.makeApplication(LoadedApk.java:849)
        at android.app.ActivityThread.handleBindApplication(ActivityThread.java:5632)
        at android.app.ActivityThread.-wrap2(ActivityThread.java)
        at android.app.ActivityThread$H.handleMessage(ActivityThread.java:1637)
        at android.os.Handler.dispatchMessage(Handler.java:105)
        at android.os.Looper.loop(Looper.java:156)
        at android.app.ActivityThread.main(ActivityThread.java:6523)
        at java.lang.reflect.Method.invoke(Native Method)
        at com.android.internal.os.ZygoteInit$MethodAndArgsCaller.run(ZygoteInit.java:942)
        at com.android.internal.os.ZygoteInit.main(ZygoteInit.java:832)

Hi,
An activity is annotated with @DataBound.
I create my view model in at the end of @Injected and start my network call, which changes the value of `LiveData` in doOnSubsribe and onSuccess/onError 

I set this ViewModel as the data in Binding. in `initGUI` with `binding.setViewModel(model)`

Expected.
The view should observer the live data when I declare such in xml. for instance:
`bind:visibility="@{viewModel.isLoading}`

Observed behaviors:
The live data changes correctly, the setValue method is called, but view does not react on those changes. 



**AndroidAnnotations version**: 4.6

**Android compile SDK version**: 28

This is a template, please adjust it accordingly to your specific issue.<br/>
You may also want to read our [issue guide](https://github.com/androidannotations/androidannotations/wiki/HowToWriteAnIssue).

**AndroidAnnotations version**:
4.6
**Android compile SDK version**:
4.6
**Annotated code**:
```java1.8
your code

 grade version 4.6 

After I upgraded to 4.6, configuration annotations had this problem, and I checked out that there was a conflict in the ormlite implementation ("org. androidannotations: ormlite: $AAVersion"). I tried this implementation ("org. androidannotations: ormlite: $AAVersion").{
// exclude group:'com. google. code. findbugs'
// exclude module:'annotations'
}

It can be compiled successfully, but the public class database Helper extends OrmLiteSqliteOpenHelper class can not be created successfully. My breakpoint is on create.

E/ExceptionHandler: [main] FrameworkExceptionHandler: This is the exception that cause Crash.
                                                              
                                                              java.lang.NoSuchMethodError: No interface method internalFindViewById(I)Landroid/view/View; in class Lorg/androidannotations/api/view/HasViews; or its super classes (declaration of 'org.androidannotations.api.view.HasViews' appears in /data/app/com.hznsyh-2/base.apk:classes2.dex)
                                                                  at com.hznsyh.launcher.activity.MainActivity_.onViewChanged(MainActivity_.java:82)
                                                                  at org.androidannotations.api.view.OnViewChangedNotifier.notifyViewChanged(Unknown Source)
                                                                  at com.hznsyh.launcher.activity.MainActivity_.setContentView(MainActivity_.java:53)
                                                                  at com.hznsyh.launcher.activity.MainActivity_.onCreate(MainActivity_.java:37)
                                                                  at android.app.Activity.performCreate(Activity.java:6720)
                                                                  at android.app.Instrumentation.callActivityOnCreate(Instrumentation.java:1119)
                                                                  at com.alipay.mobile.quinox.activity.QuinoxInstrumentation.callActivityOnCreate(QuinoxInstrumentation.java:519)
                                                                  at android.app.ActivityThread.performLaunchActivity(ActivityThread.java:2673)
                                                                  at android.app.ActivityThread.handleLaunchActivity(ActivityThread.java:2781)
                                                                  at android.app.ActivityThread.-wrap12(ActivityThread.java)
                                                                  at android.app.ActivityThread$H.handleMessage(ActivityThread.java:1508)
                                                                  at android.os.Handler.dispatchMessage(Handler.java:102)
                                                                  at android.os.Looper.loop(Looper.java:241)
                                                                  at android.app.ActivityThread.main(ActivityThread.java:6274)
                                                                  at java.lang.reflect.Method.invoke(Native Method)
                                                                  at com.android.internal.os.ZygoteInit$MethodAndArgsCaller.run(ZygoteInit.java:886)
                                                                  at com.android.internal.os.ZygoteInit.main(ZygoteInit.java:776)